# JRE version: OpenJDK Runtime Environment (17.0.7) (build 17.0.7+0-b2043.56-10550314)
# Java VM: OpenJDK 64-Bit Server VM (17.0.7+0-b2043.56-10550314, mixed mode, tiered, compressed oops, compressed class ptrs, g1 gc, windows-amd64)
GC Precious Log:
 CPUs: 8 total, 8 available
 Memory: 7865M
 Large Page Support: Disabled
 NUMA Support: Disabled
 Compressed Oops: Enabled (32-bit)
 Heap Region Size: 1M
 Heap Min Capacity: 8M
 Heap Initial Capacity: 124M
 Heap Max Capacity: 2G
 Pre-touch: Disabled
 Parallel Workers: 8
 Concurrent Workers: 2
 Concurrent Refinement Workers: 8
 Periodic GC: Disabled
Heap:
 garbage-first heap   total 219136K, used 158748K [0x0000000080000000, 0x0000000100000000)
  region size 1024K, 9 young (9216K), 4 survivors (4096K)
 Metaspace       used 106881K, committed 107712K, reserved 1179648K
  class space    used 14569K, committed 14976K, reserved 1048576K
GC Heap History (20 events):
Event: 25.623 GC heap before
{Heap before GC invocations=55 (full 0):
 garbage-first heap   total 182272K, used 152406K [0x0000000080000000, 0x0000000100000000)
  region size 1024K, 25 young (25600K), 4 survivors (4096K)
 Metaspace       used 101690K, committed 102528K, reserved 1179648K
  class space    used 13968K, committed 14400K, reserved 1048576K
}
Event: 25.630 GC heap after
{Heap after GC invocations=56 (full 0):
 garbage-first heap   total 182272K, used 134029K [0x0000000080000000, 0x0000000100000000)
  region size 1024K, 3 young (3072K), 3 survivors (3072K)
 Metaspace       used 101690K, committed 102528K, reserved 1179648K
  class space    used 13968K, committed 14400K, reserved 1048576K
}
Event: 25.848 GC heap before
{Heap before GC invocations=56 (full 0):
 garbage-first heap   total 182272K, used 153485K [0x0000000080000000, 0x0000000100000000)
  region size 1024K, 23 young (23552K), 3 survivors (3072K)
 Metaspace       used 101979K, committed 102784K, reserved 1179648K
  class space    used 13999K, committed 14400K, reserved 1048576K
}
Event: 25.853 GC heap after
{Heap after GC invocations=57 (full 0):
 garbage-first heap   total 182272K, used 136723K [0x0000000080000000, 0x0000000100000000)
  region size 1024K, 3 young (3072K), 3 survivors (3072K)
 Metaspace       used 101979K, committed 102784K, reserved 1179648K
  class space    used 13999K, committed 14400K, reserved 1048576K
}
Event: 26.057 GC heap before
{Heap before GC invocations=57 (full 0):
 garbage-first heap   total 182272K, used 155155K [0x0000000080000000, 0x0000000100000000)
  region size 1024K, 22 young (22528K), 3 survivors (3072K)
 Metaspace       used 102257K, committed 103040K, reserved 1179648K
  class space    used 14039K, committed 14464K, reserved 1048576K
}
Event: 26.062 GC heap after
{Heap after GC invocations=58 (full 0):
 garbage-first heap   total 182272K, used 138334K [0x0000000080000000, 0x0000000100000000)
  region size 1024K, 3 young (3072K), 3 survivors (3072K)
 Metaspace       used 102257K, committed 103040K, reserved 1179648K
  class space    used 14039K, committed 14464K, reserved 1048576K
}
Event: 26.345 GC heap before
{Heap before GC invocations=58 (full 0):
 garbage-first heap   total 182272K, used 154718K [0x0000000080000000, 0x0000000100000000)
  region size 1024K, 20 young (20480K), 3 survivors (3072K)
 Metaspace       used 102287K, committed 103104K, reserved 1179648K
  class space    used 14042K, committed 14464K, reserved 1048576K
}
Event: 26.354 GC heap after
{Heap after GC invocations=59 (full 0):
 garbage-first heap   total 219136K, used 139908K [0x0000000080000000, 0x0000000100000000)
  region size 1024K, 3 young (3072K), 3 survivors (3072K)
 Metaspace       used 102287K, committed 103104K, reserved 1179648K
  class space    used 14042K, committed 14464K, reserved 1048576K
}
Event: 30.103 GC heap before
{Heap before GC invocations=59 (full 0):
 garbage-first heap   total 219136K, used 180868K [0x0000000080000000, 0x0000000100000000)
  region size 1024K, 44 young (45056K), 3 survivors (3072K)
 Metaspace       used 103148K, committed 103936K, reserved 1179648K
  class space    used 14143K, committed 14528K, reserved 1048576K
}
Event: 30.108 GC heap after
{Heap after GC invocations=60 (full 0):
 garbage-first heap   total 219136K, used 144587K [0x0000000080000000, 0x0000000100000000)
  region size 1024K, 6 young (6144K), 6 survivors (6144K)
 Metaspace       used 103148K, committed 103936K, reserved 1179648K
  class space    used 14143K, committed 14528K, reserved 1048576K
}
Event: 30.648 GC heap before
{Heap before GC invocations=60 (full 0):
 garbage-first heap   total 219136K, used 181451K [0x0000000080000000, 0x0000000100000000)
  region size 1024K, 43 young (44032K), 6 survivors (6144K)
 Metaspace       used 103701K, committed 104512K, reserved 1179648K
  class space    used 14205K, committed 14656K, reserved 1048576K
}
Event: 30.655 GC heap after
{Heap after GC invocations=61 (full 0):
 garbage-first heap   total 219136K, used 147694K [0x0000000080000000, 0x0000000100000000)
  region size 1024K, 4 young (4096K), 4 survivors (4096K)
 Metaspace       used 103701K, committed 104512K, reserved 1179648K
  class space    used 14205K, committed 14656K, reserved 1048576K
}
Event: 31.141 GC heap before
{Heap before GC invocations=61 (full 0):
 garbage-first heap   total 219136K, used 182510K [0x0000000080000000, 0x0000000100000000)
  region size 1024K, 39 young (39936K), 4 survivors (4096K)
 Metaspace       used 104336K, committed 105088K, reserved 1179648K
  class space    used 14280K, committed 14656K, reserved 1048576K
}
Event: 31.147 GC heap after
{Heap after GC invocations=62 (full 0):
 garbage-first heap   total 219136K, used 150899K [0x0000000080000000, 0x0000000100000000)
  region size 1024K, 4 young (4096K), 4 survivors (4096K)
 Metaspace       used 104336K, committed 105088K, reserved 1179648K
  class space    used 14280K, committed 14656K, reserved 1048576K
}
Event: 31.321 GC heap before
{Heap before GC invocations=62 (full 0):
 garbage-first heap   total 219136K, used 183667K [0x0000000080000000, 0x0000000100000000)
  region size 1024K, 37 young (37888K), 4 survivors (4096K)
 Metaspace       used 104784K, committed 105600K, reserved 1179648K
  class space    used 14310K, committed 14720K, reserved 1048576K
}
Event: 31.324 GC heap after
{Heap after GC invocations=63 (full 0):
 garbage-first heap   total 219136K, used 151951K [0x0000000080000000, 0x0000000100000000)
  region size 1024K, 2 young (2048K), 2 survivors (2048K)
 Metaspace       used 104784K, committed 105600K, reserved 1179648K
  class space    used 14310K, committed 14720K, reserved 1048576K
}
Event: 31.619 GC heap before
{Heap before GC invocations=63 (full 0):
 garbage-first heap   total 219136K, used 184719K [0x0000000080000000, 0x0000000100000000)
  region size 1024K, 35 young (35840K), 2 survivors (2048K)
 Metaspace       used 105069K, committed 105856K, reserved 1179648K
  class space    used 14351K, committed 14720K, reserved 1048576K
}
Event: 31.622 GC heap after
{Heap after GC invocations=64 (full 0):
 garbage-first heap   total 219136K, used 153149K [0x0000000080000000, 0x0000000100000000)
  region size 1024K, 3 young (3072K), 3 survivors (3072K)
 Metaspace       used 105069K, committed 105856K, reserved 1179648K
  class space    used 14351K, committed 14720K, reserved 1048576K
}
Event: 32.205 GC heap before
{Heap before GC invocations=64 (full 0):
 garbage-first heap   total 219136K, used 170557K [0x0000000080000000, 0x0000000100000000)
  region size 1024K, 22 young (22528K), 3 survivors (3072K)
 Metaspace       used 106374K, committed 107136K, reserved 1179648K
  class space    used 14521K, committed 14912K, reserved 1048576K
}
Event: 32.209 GC heap after
{Heap after GC invocations=65 (full 0):
 garbage-first heap   total 219136K, used 154652K [0x0000000080000000, 0x0000000100000000)
  region size 1024K, 4 young (4096K), 4 survivors (4096K)
 Metaspace       used 106374K, committed 107136K, reserved 1179648K
  class space    used 14521K, committed 14912K, reserved 1048576K
}

