# JRE version: OpenJDK Runtime Environment (17.0.7) (build 17.0.7+0-b2043.56-10550314)
# Java VM: OpenJDK 64-Bit Server VM (17.0.7+0-b2043.56-10550314, mixed mode, tiered, compressed oops, compressed class ptrs, g1 gc, windows-amd64)
GC Precious Log:
 CPUs: 8 total, 8 available
 Memory: 7865M
 Large Page Support: Disabled
 NUMA Support: Disabled
 Compressed Oops: Enabled (32-bit)
 Heap Region Size: 1M
 Heap Min Capacity: 8M
 Heap Initial Capacity: 124M
 Heap Max Capacity: 2G
 Pre-touch: Disabled
 Parallel Workers: 8
 Concurrent Workers: 2
 Concurrent Refinement Workers: 8
 Periodic GC: Disabled
Heap:
 garbage-first heap   total 260096K, used 200581K [0x0000000080000000, 0x0000000100000000)
  region size 1024K, 48 young (49152K), 7 survivors (7168K)
 Metaspace       used 117145K, committed 117952K, reserved 1179648K
  class space    used 15848K, committed 16256K, reserved 1048576K
GC Heap History (20 events):
Event: 22.349 GC heap before
{Heap before GC invocations=26 (full 0):
 garbage-first heap   total 250880K, used 197242K [0x0000000080000000, 0x0000000100000000)
  region size 1024K, 112 young (114688K), 7 survivors (7168K)
 Metaspace       used 98383K, committed 99008K, reserved 1179648K
  class space    used 13582K, committed 13888K, reserved 1048576K
}
Event: 22.359 GC heap after
{Heap after GC invocations=27 (full 0):
 garbage-first heap   total 250880K, used 96452K [0x0000000080000000, 0x0000000100000000)
  region size 1024K, 13 young (13312K), 13 survivors (13312K)
 Metaspace       used 98383K, committed 99008K, reserved 1179648K
  class space    used 13582K, committed 13888K, reserved 1048576K
}
Event: 23.354 GC heap before
{Heap before GC invocations=27 (full 0):
 garbage-first heap   total 250880K, used 200900K [0x0000000080000000, 0x0000000100000000)
  region size 1024K, 115 young (117760K), 13 survivors (13312K)
 Metaspace       used 102995K, committed 103744K, reserved 1179648K
  class space    used 14182K, committed 14528K, reserved 1048576K
}
Event: 23.368 GC heap after
{Heap after GC invocations=28 (full 0):
 garbage-first heap   total 250880K, used 107375K [0x0000000080000000, 0x0000000100000000)
  region size 1024K, 15 young (15360K), 15 survivors (15360K)
 Metaspace       used 102995K, committed 103744K, reserved 1179648K
  class space    used 14182K, committed 14528K, reserved 1048576K
}
Event: 26.324 GC heap before
{Heap before GC invocations=28 (full 0):
 garbage-first heap   total 250880K, used 198511K [0x0000000080000000, 0x0000000100000000)
  region size 1024K, 105 young (107520K), 15 survivors (15360K)
 Metaspace       used 105275K, committed 106048K, reserved 1179648K
  class space    used 14542K, committed 14912K, reserved 1048576K
}
Event: 26.343 GC heap after
{Heap after GC invocations=29 (full 0):
 garbage-first heap   total 250880K, used 118863K [0x0000000080000000, 0x0000000100000000)
  region size 1024K, 11 young (11264K), 11 survivors (11264K)
 Metaspace       used 105275K, committed 106048K, reserved 1179648K
  class space    used 14542K, committed 14912K, reserved 1048576K
}
Event: 27.113 GC heap before
{Heap before GC invocations=29 (full 0):
 garbage-first heap   total 250880K, used 148559K [0x0000000080000000, 0x0000000100000000)
  region size 1024K, 38 young (38912K), 11 survivors (11264K)
 Metaspace       used 105765K, committed 106560K, reserved 1179648K
  class space    used 14603K, committed 14976K, reserved 1048576K
}
Event: 27.124 GC heap after
{Heap after GC invocations=30 (full 0):
 garbage-first heap   total 250880K, used 125648K [0x0000000080000000, 0x0000000100000000)
  region size 1024K, 4 young (4096K), 4 survivors (4096K)
 Metaspace       used 105765K, committed 106560K, reserved 1179648K
  class space    used 14603K, committed 14976K, reserved 1048576K
}
Event: 29.842 GC heap before
{Heap before GC invocations=31 (full 0):
 garbage-first heap   total 250880K, used 206544K [0x0000000080000000, 0x0000000100000000)
  region size 1024K, 80 young (81920K), 4 survivors (4096K)
 Metaspace       used 111950K, committed 112768K, reserved 1179648K
  class space    used 15287K, committed 15680K, reserved 1048576K
}
Event: 29.856 GC heap after
{Heap after GC invocations=32 (full 0):
 garbage-first heap   total 250880K, used 141767K [0x0000000080000000, 0x0000000100000000)
  region size 1024K, 10 young (10240K), 10 survivors (10240K)
 Metaspace       used 111950K, committed 112768K, reserved 1179648K
  class space    used 15287K, committed 15680K, reserved 1048576K
}
Event: 29.953 GC heap before
{Heap before GC invocations=32 (full 0):
 garbage-first heap   total 250880K, used 143815K [0x0000000080000000, 0x0000000100000000)
  region size 1024K, 12 young (12288K), 10 survivors (10240K)
 Metaspace       used 111954K, committed 112768K, reserved 1179648K
  class space    used 15287K, committed 15680K, reserved 1048576K
}
Event: 29.966 GC heap after
{Heap after GC invocations=33 (full 0):
 garbage-first heap   total 250880K, used 143402K [0x0000000080000000, 0x0000000100000000)
  region size 1024K, 2 young (2048K), 2 survivors (2048K)
 Metaspace       used 111954K, committed 112768K, reserved 1179648K
  class space    used 15287K, committed 15680K, reserved 1048576K
}
Event: 32.925 GC heap before
{Heap before GC invocations=33 (full 0):
 garbage-first heap   total 250880K, used 225321K [0x0000000080000000, 0x0000000100000000)
  region size 1024K, 55 young (56320K), 2 survivors (2048K)
 Metaspace       used 114901K, committed 115712K, reserved 1179648K
  class space    used 15595K, committed 16000K, reserved 1048576K
}
Event: 32.936 GC heap after
{Heap after GC invocations=34 (full 0):
 garbage-first heap   total 250880K, used 152119K [0x0000000080000000, 0x0000000100000000)
  region size 1024K, 7 young (7168K), 7 survivors (7168K)
 Metaspace       used 114901K, committed 115712K, reserved 1179648K
  class space    used 15595K, committed 16000K, reserved 1048576K
}
Event: 39.121 GC heap before
{Heap before GC invocations=35 (full 0):
 garbage-first heap   total 260096K, used 200247K [0x0000000080000000, 0x0000000100000000)
  region size 1024K, 55 young (56320K), 7 survivors (7168K)
 Metaspace       used 115057K, committed 115904K, reserved 1179648K
  class space    used 15597K, committed 16000K, reserved 1048576K
}
Event: 39.130 GC heap after
{Heap after GC invocations=36 (full 0):
 garbage-first heap   total 260096K, used 156983K [0x0000000080000000, 0x0000000100000000)
  region size 1024K, 5 young (5120K), 5 survivors (5120K)
 Metaspace       used 115057K, committed 115904K, reserved 1179648K
  class space    used 15597K, committed 16000K, reserved 1048576K
}
Event: 39.883 GC heap before
{Heap before GC invocations=36 (full 0):
 garbage-first heap   total 260096K, used 163127K [0x0000000080000000, 0x0000000100000000)
  region size 1024K, 12 young (12288K), 5 survivors (5120K)
 Metaspace       used 115209K, committed 116032K, reserved 1179648K
  class space    used 15624K, committed 16000K, reserved 1048576K
}
Event: 39.888 GC heap after
{Heap after GC invocations=37 (full 0):
 garbage-first heap   total 260096K, used 154236K [0x0000000080000000, 0x0000000100000000)
  region size 1024K, 2 young (2048K), 2 survivors (2048K)
 Metaspace       used 115209K, committed 116032K, reserved 1179648K
  class space    used 15624K, committed 16000K, reserved 1048576K
}
Event: 47.069 GC heap before
{Heap before GC invocations=37 (full 0):
 garbage-first heap   total 260096K, used 207484K [0x0000000080000000, 0x0000000100000000)
  region size 1024K, 54 young (55296K), 2 survivors (2048K)
 Metaspace       used 116397K, committed 117248K, reserved 1179648K
  class space    used 15762K, committed 16192K, reserved 1048576K
}
Event: 47.075 GC heap after
{Heap after GC invocations=38 (full 0):
 garbage-first heap   total 260096K, used 160645K [0x0000000080000000, 0x0000000100000000)
  region size 1024K, 7 young (7168K), 7 survivors (7168K)
 Metaspace       used 116397K, committed 117248K, reserved 1179648K
  class space    used 15762K, committed 16192K, reserved 1048576K
}

