# JRE version: OpenJDK Runtime Environment (17.0.7) (build 17.0.7+0-b2043.56-10550314)
# Java VM: OpenJDK 64-Bit Server VM (17.0.7+0-b2043.56-10550314, mixed mode, tiered, compressed oops, compressed class ptrs, g1 gc, windows-amd64)
GC Precious Log:
 CPUs: 8 total, 8 available
 Memory: 7865M
 Large Page Support: Disabled
 NUMA Support: Disabled
 Compressed Oops: Enabled (32-bit)
 Heap Region Size: 1M
 Heap Min Capacity: 8M
 Heap Initial Capacity: 124M
 Heap Max Capacity: 2G
 Pre-touch: Disabled
 Parallel Workers: 8
 Concurrent Workers: 2
 Concurrent Refinement Workers: 8
 Periodic GC: Disabled
Heap:
 garbage-first heap   total 254976K, used 175830K [0x0000000080000000, 0x0000000100000000)
  region size 1024K, 57 young (58368K), 11 survivors (11264K)
 Metaspace       used 106822K, committed 107584K, reserved 1179648K
  class space    used 14744K, committed 15104K, reserved 1048576K
GC Heap History (20 events):
Event: 23.204 GC heap before
{Heap before GC invocations=36 (full 0):
 garbage-first heap   total 196608K, used 156612K [0x0000000080000000, 0x0000000100000000)
  region size 1024K, 68 young (69632K), 4 survivors (4096K)
 Metaspace       used 95124K, committed 95808K, reserved 1179648K
  class space    used 13054K, committed 13376K, reserved 1048576K
}
Event: 23.209 GC heap after
{Heap after GC invocations=37 (full 0):
 garbage-first heap   total 196608K, used 95259K [0x0000000080000000, 0x0000000100000000)
  region size 1024K, 8 young (8192K), 8 survivors (8192K)
 Metaspace       used 95124K, committed 95808K, reserved 1179648K
  class space    used 13054K, committed 13376K, reserved 1048576K
}
Event: 24.973 GC heap before
{Heap before GC invocations=37 (full 0):
 garbage-first heap   total 196608K, used 158747K [0x0000000080000000, 0x0000000100000000)
  region size 1024K, 70 young (71680K), 8 survivors (8192K)
 Metaspace       used 100988K, committed 101632K, reserved 1179648K
  class space    used 13889K, committed 14208K, reserved 1048576K
}
Event: 24.981 GC heap after
{Heap after GC invocations=38 (full 0):
 garbage-first heap   total 196608K, used 98664K [0x0000000080000000, 0x0000000100000000)
  region size 1024K, 4 young (4096K), 4 survivors (4096K)
 Metaspace       used 100988K, committed 101632K, reserved 1179648K
  class space    used 13889K, committed 14208K, reserved 1048576K
}
Event: 25.656 GC heap before
{Heap before GC invocations=38 (full 0):
 garbage-first heap   total 196608K, used 160104K [0x0000000080000000, 0x0000000100000000)
  region size 1024K, 64 young (65536K), 4 survivors (4096K)
 Metaspace       used 102846K, committed 103616K, reserved 1179648K
  class space    used 14145K, committed 14528K, reserved 1048576K
}
Event: 25.668 GC heap after
{Heap after GC invocations=39 (full 0):
 garbage-first heap   total 196608K, used 105472K [0x0000000080000000, 0x0000000100000000)
  region size 1024K, 8 young (8192K), 8 survivors (8192K)
 Metaspace       used 102846K, committed 103616K, reserved 1179648K
  class space    used 14145K, committed 14528K, reserved 1048576K
}
Event: 26.788 GC heap before
{Heap before GC invocations=40 (full 0):
 garbage-first heap   total 196608K, used 160768K [0x0000000080000000, 0x0000000100000000)
  region size 1024K, 62 young (63488K), 8 survivors (8192K)
 Metaspace       used 104641K, committed 105344K, reserved 1179648K
  class space    used 14454K, committed 14784K, reserved 1048576K
}
Event: 26.800 GC heap after
{Heap after GC invocations=41 (full 0):
 garbage-first heap   total 196608K, used 114066K [0x0000000080000000, 0x0000000100000000)
  region size 1024K, 8 young (8192K), 8 survivors (8192K)
 Metaspace       used 104641K, committed 105344K, reserved 1179648K
  class space    used 14454K, committed 14784K, reserved 1048576K
}
Event: 26.826 GC heap before
{Heap before GC invocations=41 (full 0):
 garbage-first heap   total 196608K, used 115090K [0x0000000080000000, 0x0000000100000000)
  region size 1024K, 9 young (9216K), 8 survivors (8192K)
 Metaspace       used 104717K, committed 105472K, reserved 1179648K
  class space    used 14473K, committed 14848K, reserved 1048576K
}
Event: 26.833 GC heap after
{Heap after GC invocations=42 (full 0):
 garbage-first heap   total 196608K, used 114197K [0x0000000080000000, 0x0000000100000000)
  region size 1024K, 2 young (2048K), 2 survivors (2048K)
 Metaspace       used 104717K, committed 105472K, reserved 1179648K
  class space    used 14473K, committed 14848K, reserved 1048576K
}
Event: 27.204 GC heap before
{Heap before GC invocations=42 (full 0):
 garbage-first heap   total 196608K, used 158229K [0x0000000080000000, 0x0000000100000000)
  region size 1024K, 46 young (47104K), 2 survivors (2048K)
 Metaspace       used 105055K, committed 105792K, reserved 1179648K
  class space    used 14547K, committed 14912K, reserved 1048576K
}
Event: 27.208 GC heap after
{Heap after GC invocations=43 (full 0):
 garbage-first heap   total 196608K, used 118451K [0x0000000080000000, 0x0000000100000000)
  region size 1024K, 6 young (6144K), 6 survivors (6144K)
 Metaspace       used 105055K, committed 105792K, reserved 1179648K
  class space    used 14547K, committed 14912K, reserved 1048576K
}
Event: 27.748 GC heap before
{Heap before GC invocations=44 (full 0):
 garbage-first heap   total 211968K, used 159411K [0x0000000080000000, 0x0000000100000000)
  region size 1024K, 47 young (48128K), 6 survivors (6144K)
 Metaspace       used 105341K, committed 106048K, reserved 1179648K
  class space    used 14554K, committed 14912K, reserved 1048576K
}
Event: 27.756 GC heap after
{Heap after GC invocations=45 (full 0):
 garbage-first heap   total 211968K, used 121049K [0x0000000080000000, 0x0000000100000000)
  region size 1024K, 5 young (5120K), 5 survivors (5120K)
 Metaspace       used 105341K, committed 106048K, reserved 1179648K
  class space    used 14554K, committed 14912K, reserved 1048576K
}
Event: 27.779 GC heap before
{Heap before GC invocations=45 (full 0):
 garbage-first heap   total 211968K, used 126169K [0x0000000080000000, 0x0000000100000000)
  region size 1024K, 10 young (10240K), 5 survivors (5120K)
 Metaspace       used 105377K, committed 106112K, reserved 1179648K
  class space    used 14559K, committed 14912K, reserved 1048576K
}
Event: 27.785 GC heap after
{Heap after GC invocations=46 (full 0):
 garbage-first heap   total 211968K, used 120357K [0x0000000080000000, 0x0000000100000000)
  region size 1024K, 1 young (1024K), 1 survivors (1024K)
 Metaspace       used 105377K, committed 106112K, reserved 1179648K
  class space    used 14559K, committed 14912K, reserved 1048576K
}
Event: 28.205 GC heap before
{Heap before GC invocations=46 (full 0):
 garbage-first heap   total 211968K, used 172581K [0x0000000080000000, 0x0000000100000000)
  region size 1024K, 53 young (54272K), 1 survivors (1024K)
 Metaspace       used 105787K, committed 106560K, reserved 1179648K
  class space    used 14588K, committed 14976K, reserved 1048576K
}
Event: 28.209 GC heap after
{Heap after GC invocations=47 (full 0):
 garbage-first heap   total 254976K, used 125072K [0x0000000080000000, 0x0000000100000000)
  region size 1024K, 6 young (6144K), 6 survivors (6144K)
 Metaspace       used 105787K, committed 106560K, reserved 1179648K
  class space    used 14588K, committed 14976K, reserved 1048576K
}
Event: 28.869 GC heap before
{Heap before GC invocations=47 (full 0):
 garbage-first heap   total 254976K, used 203920K [0x0000000080000000, 0x0000000100000000)
  region size 1024K, 84 young (86016K), 6 survivors (6144K)
 Metaspace       used 106054K, committed 106816K, reserved 1179648K
  class space    used 14625K, committed 14976K, reserved 1048576K
}
Event: 28.877 GC heap after
{Heap after GC invocations=48 (full 0):
 garbage-first heap   total 254976K, used 130774K [0x0000000080000000, 0x0000000100000000)
  region size 1024K, 11 young (11264K), 11 survivors (11264K)
 Metaspace       used 106054K, committed 106816K, reserved 1179648K
  class space    used 14625K, committed 14976K, reserved 1048576K
}

